[ 2019-05-15T14:21:46+08:00 ][ info ] [ BEHAVIOR ] Run Closure @app_init [ RunTime:0.000000s ]
[ info ] [ LOG ] INIT File
[ 2019-05-15T14:21:46+08:00 ][ info ] [ CACHE ] INIT File
[ 2019-05-15T14:21:46+08:00 ][ info ] [ BEHAVIOR ] Run Closure @app_init [ RunTime:0.056507s ]
[ 2019-05-15T14:21:58+08:00 ][ info ] [ BEHAVIOR ] Run Closure @app_init [ RunTime:0.000500s ]
[ info ] [ LOG ] INIT File
[ 2019-05-15T14:21:58+08:00 ][ info ] [ CACHE ] INIT File
[ 2019-05-15T14:21:58+08:00 ][ info ] [ BEHAVIOR ] Run Closure @app_init [ RunTime:0.007000s ]
[ 2019-05-15T14:21:58+08:00 ][ info ] [ DB ] INIT mysql
[ 2019-05-15T14:21:58+08:00 ][ sql ] [ DB ] CONNECT:[ UseTime:0.074009s ] mysql:host=pipiyaode.mysql.rds.aliyuncs.com;dbname=fastadmin;charset=utf8
[ 2019-05-15T14:21:58+08:00 ][ sql ] [ SQL ] SHOW TABLE STATUS LIKE 'test' [ RunTime:0.034005s ]
[ 2019-05-15T14:21:59+08:00 ][ sql ] [ SQL ] SHOW TABLE STATUS LIKE 'fa_test' [ RunTime:0.033004s ]
[ 2019-05-15T14:21:59+08:00 ][ sql ] [ SQL ] SELECT * FROM `information_schema`.`columns` WHERE TABLE_SCHEMA = 'fastadmin' AND table_name = 'fa_test' ORDER BY ORDINAL_POSITION [ RunTime:0.042005s ]
[ 2019-05-15T14:24:11+08:00 ][ info ] [ BEHAVIOR ] Run Closure @app_init [ RunTime:0.000500s ]
[ info ] [ LOG ] INIT File
[ 2019-05-15T14:24:11+08:00 ][ info ] [ CACHE ] INIT File
[ 2019-05-15T14:24:11+08:00 ][ info ] [ BEHAVIOR ] Run Closure @app_init [ RunTime:0.004001s ]
[ 2019-05-15T14:24:11+08:00 ][ info ] [ DB ] INIT mysql
[ 2019-05-15T14:24:11+08:00 ][ info ] [ DB ] INIT mysql
[ 2019-05-15T14:24:11+08:00 ][ info ] [ LANG ] D:\WWW\fastadmin\application\admin\lang/zh-cn.php
[ 2019-05-15T14:24:11+08:00 ][ sql ] [ DB ] CONNECT:[ UseTime:0.039005s ] mysql:host=pipiyaode.mysql.rds.aliyuncs.com;dbname=fastadmin;charset=utf8
[ 2019-05-15T14:24:11+08:00 ][ sql ] [ SQL ] SHOW COLUMNS FROM `fa_auth_rule` [ RunTime:0.025003s ]
[ 2019-05-15T14:24:11+08:00 ][ sql ] [ SQL ] SELECT * FROM `fa_auth_rule` WHERE  `name` = 'test' LIMIT 1 [ RunTime:0.032504s ]
[ 2019-05-15T14:24:11+08:00 ][ sql ] [ SQL ] INSERT INTO `fa_auth_rule` (`pid` , `name` , `title` , `icon` , `remark` , `ismenu` , `status` , `createtime` , `updatetime`) VALUES (0 , 'test' , '测试管理' , 'fa fa-circle-o' , '' , 1 , 'normal' , 1557901451 , 1557901451) [ RunTime:0.033505s ]
[ 2019-05-15T14:24:11+08:00 ][ sql ] [ SQL ] SELECT `id` FROM `fa_auth_rule` WHERE  `name` = 'test/index' LIMIT 1 [ RunTime:0.034504s ]
[ 2019-05-15T14:24:11+08:00 ][ sql ] [ SQL ] SELECT `id` FROM `fa_auth_rule` WHERE  `name` = 'test/recyclebin' LIMIT 1 [ RunTime:0.034005s ]
[ 2019-05-15T14:24:11+08:00 ][ sql ] [ SQL ] SELECT `id` FROM `fa_auth_rule` WHERE  `name` = 'test/add' LIMIT 1 [ RunTime:0.035504s ]
[ 2019-05-15T14:24:11+08:00 ][ sql ] [ SQL ] SELECT `id` FROM `fa_auth_rule` WHERE  `name` = 'test/edit' LIMIT 1 [ RunTime:0.025504s ]
[ 2019-05-15T14:24:11+08:00 ][ sql ] [ SQL ] SELECT `id` FROM `fa_auth_rule` WHERE  `name` = 'test/del' LIMIT 1 [ RunTime:0.031504s ]
[ 2019-05-15T14:24:11+08:00 ][ sql ] [ SQL ] SELECT `id` FROM `fa_auth_rule` WHERE  `name` = 'test/destroy' LIMIT 1 [ RunTime:0.032004s ]
[ 2019-05-15T14:24:11+08:00 ][ sql ] [ SQL ] SELECT `id` FROM `fa_auth_rule` WHERE  `name` = 'test/restore' LIMIT 1 [ RunTime:0.035505s ]
[ 2019-05-15T14:24:11+08:00 ][ sql ] [ SQL ] SELECT `id` FROM `fa_auth_rule` WHERE  `name` = 'test/multi' LIMIT 1 [ RunTime:0.014002s ]
[ 2019-05-15T14:24:11+08:00 ][ sql ] [ SQL ] INSERT INTO `fa_auth_rule` (`id` , `pid` , `name` , `icon` , `title` , `ismenu` , `status` , `createtime` , `updatetime`) VALUES (NULL , 92 , 'test/index' , 'fa fa-circle-o' , '查看' , 0 , 'normal' , 1557901451 , 1557901451) [ RunTime:0.012002s ]
[ 2019-05-15T14:24:11+08:00 ][ sql ] [ SQL ] INSERT INTO `fa_auth_rule` (`id` , `pid` , `name` , `icon` , `title` , `ismenu` , `status` , `createtime` , `updatetime`) VALUES (NULL , 92 , 'test/recyclebin' , 'fa fa-circle-o' , '回收站' , 0 , 'normal' , 1557901451 , 1557901451) [ RunTime:0.014002s ]
[ 2019-05-15T14:24:11+08:00 ][ sql ] [ SQL ] INSERT INTO `fa_auth_rule` (`id` , `pid` , `name` , `icon` , `title` , `ismenu` , `status` , `createtime` , `updatetime`) VALUES (NULL , 92 , 'test/add' , 'fa fa-circle-o' , '添加' , 0 , 'normal' , 1557901451 , 1557901451) [ RunTime:0.012502s ]
[ 2019-05-15T14:24:11+08:00 ][ sql ] [ SQL ] INSERT INTO `fa_auth_rule` (`id` , `pid` , `name` , `icon` , `title` , `ismenu` , `status` , `createtime` , `updatetime`) VALUES (NULL , 92 , 'test/edit' , 'fa fa-circle-o' , '编辑' , 0 , 'normal' , 1557901451 , 1557901451) [ RunTime:0.012501s ]
[ 2019-05-15T14:24:11+08:00 ][ sql ] [ SQL ] INSERT INTO `fa_auth_rule` (`id` , `pid` , `name` , `icon` , `title` , `ismenu` , `status` , `createtime` , `updatetime`) VALUES (NULL , 92 , 'test/del' , 'fa fa-circle-o' , '删除' , 0 , 'normal' , 1557901451 , 1557901451) [ RunTime:0.012501s ]
[ 2019-05-15T14:24:11+08:00 ][ sql ] [ SQL ] INSERT INTO `fa_auth_rule` (`id` , `pid` , `name` , `icon` , `title` , `ismenu` , `status` , `createtime` , `updatetime`) VALUES (NULL , 92 , 'test/destroy' , 'fa fa-circle-o' , '真实删除' , 0 , 'normal' , 1557901451 , 1557901451) [ RunTime:0.016002s ]
[ 2019-05-15T14:24:11+08:00 ][ sql ] [ SQL ] INSERT INTO `fa_auth_rule` (`id` , `pid` , `name` , `icon` , `title` , `ismenu` , `status` , `createtime` , `updatetime`) VALUES (NULL , 92 , 'test/restore' , 'fa fa-circle-o' , '还原' , 0 , 'normal' , 1557901451 , 1557901451) [ RunTime:0.016502s ]
[ 2019-05-15T14:24:11+08:00 ][ sql ] [ SQL ] INSERT INTO `fa_auth_rule` (`id` , `pid` , `name` , `icon` , `title` , `ismenu` , `status` , `createtime` , `updatetime`) VALUES (NULL , 92 , 'test/multi' , 'fa fa-circle-o' , '批量更新' , 0 , 'normal' , 1557901451 , 1557901451) [ RunTime:0.012001s ]
[ 2019-05-15T14:26:18+08:00 ][ info ] [ BEHAVIOR ] Run Closure @app_init [ RunTime:0.000000s ]
[ info ] [ LOG ] INIT File
[ 2019-05-15T14:26:18+08:00 ][ info ] [ CACHE ] INIT File
[ 2019-05-15T14:26:18+08:00 ][ info ] [ BEHAVIOR ] Run Closure @app_init [ RunTime:0.005001s ]
[ 2019-05-15T14:26:18+08:00 ][ info ] [ DB ] INIT mysql
[ 2019-05-15T14:26:18+08:00 ][ sql ] [ DB ] CONNECT:[ UseTime:0.031504s ] mysql:host=pipiyaode.mysql.rds.aliyuncs.com;dbname=fastadmin;charset=utf8
[ 2019-05-15T14:26:18+08:00 ][ sql ] [ SQL ] SHOW TABLE STATUS LIKE 'machine' [ RunTime:0.016502s ]
[ 2019-05-15T14:26:18+08:00 ][ sql ] [ SQL ] SHOW TABLE STATUS LIKE 'fa_machine' [ RunTime:0.015502s ]
[ 2019-05-15T14:26:18+08:00 ][ sql ] [ SQL ] SELECT * FROM `information_schema`.`columns` WHERE TABLE_SCHEMA = 'fastadmin' AND table_name = 'fa_machine' ORDER BY ORDINAL_POSITION [ RunTime:0.018003s ]
[ 2019-05-15T14:26:34+08:00 ][ info ] [ BEHAVIOR ] Run Closure @app_init [ RunTime:0.000000s ]
[ info ] [ LOG ] INIT File
[ 2019-05-15T14:26:34+08:00 ][ info ] [ CACHE ] INIT File
[ 2019-05-15T14:26:34+08:00 ][ info ] [ BEHAVIOR ] Run Closure @app_init [ RunTime:0.003500s ]
[ 2019-05-15T14:26:34+08:00 ][ info ] [ DB ] INIT mysql
[ 2019-05-15T14:26:34+08:00 ][ info ] [ DB ] INIT mysql
[ 2019-05-15T14:26:34+08:00 ][ info ] [ LANG ] D:\WWW\fastadmin\application\admin\lang/zh-cn.php
[ 2019-05-15T14:26:34+08:00 ][ sql ] [ DB ] CONNECT:[ UseTime:0.027503s ] mysql:host=pipiyaode.mysql.rds.aliyuncs.com;dbname=fastadmin;charset=utf8
[ 2019-05-15T14:26:34+08:00 ][ sql ] [ SQL ] SHOW COLUMNS FROM `fa_auth_rule` [ RunTime:0.015001s ]
[ 2019-05-15T14:26:34+08:00 ][ sql ] [ SQL ] SELECT * FROM `fa_auth_rule` WHERE  `name` = 'machine' LIMIT 1 [ RunTime:0.014001s ]
[ 2019-05-15T14:26:34+08:00 ][ sql ] [ SQL ] INSERT INTO `fa_auth_rule` (`pid` , `name` , `title` , `icon` , `remark` , `ismenu` , `status` , `createtime` , `updatetime`) VALUES (0 , 'machine' , 'Machine' , 'fa fa-circle-o' , '' , 1 , 'normal' , 1557901594 , 1557901594) [ RunTime:0.034504s ]
[ 2019-05-15T14:26:34+08:00 ][ sql ] [ SQL ] SELECT `id` FROM `fa_auth_rule` WHERE  `name` = 'machine/index' LIMIT 1 [ RunTime:0.016002s ]
[ 2019-05-15T14:26:34+08:00 ][ sql ] [ SQL ] SELECT `id` FROM `fa_auth_rule` WHERE  `name` = 'machine/add' LIMIT 1 [ RunTime:0.016502s ]
[ 2019-05-15T14:26:34+08:00 ][ sql ] [ SQL ] SELECT `id` FROM `fa_auth_rule` WHERE  `name` = 'machine/edit' LIMIT 1 [ RunTime:0.023003s ]
[ 2019-05-15T14:26:34+08:00 ][ sql ] [ SQL ] SELECT `id` FROM `fa_auth_rule` WHERE  `name` = 'machine/del' LIMIT 1 [ RunTime:0.020502s ]
[ 2019-05-15T14:26:34+08:00 ][ sql ] [ SQL ] SELECT `id` FROM `fa_auth_rule` WHERE  `name` = 'machine/multi' LIMIT 1 [ RunTime:0.012502s ]
[ 2019-05-15T14:26:34+08:00 ][ sql ] [ SQL ] INSERT INTO `fa_auth_rule` (`id` , `pid` , `name` , `icon` , `title` , `ismenu` , `status` , `createtime` , `updatetime`) VALUES (NULL , 101 , 'machine/index' , 'fa fa-circle-o' , '查看' , 0 , 'normal' , 1557901594 , 1557901594) [ RunTime:0.015502s ]
[ 2019-05-15T14:26:34+08:00 ][ sql ] [ SQL ] INSERT INTO `fa_auth_rule` (`id` , `pid` , `name` , `icon` , `title` , `ismenu` , `status` , `createtime` , `updatetime`) VALUES (NULL , 101 , 'machine/add' , 'fa fa-circle-o' , '添加' , 0 , 'normal' , 1557901594 , 1557901594) [ RunTime:0.012502s ]
[ 2019-05-15T14:26:34+08:00 ][ sql ] [ SQL ] INSERT INTO `fa_auth_rule` (`id` , `pid` , `name` , `icon` , `title` , `ismenu` , `status` , `createtime` , `updatetime`) VALUES (NULL , 101 , 'machine/edit' , 'fa fa-circle-o' , '编辑' , 0 , 'normal' , 1557901594 , 1557901594) [ RunTime:0.015502s ]
[ 2019-05-15T14:26:34+08:00 ][ sql ] [ SQL ] INSERT INTO `fa_auth_rule` (`id` , `pid` , `name` , `icon` , `title` , `ismenu` , `status` , `createtime` , `updatetime`) VALUES (NULL , 101 , 'machine/del' , 'fa fa-circle-o' , '删除' , 0 , 'normal' , 1557901594 , 1557901594) [ RunTime:0.015502s ]
[ 2019-05-15T14:26:34+08:00 ][ sql ] [ SQL ] INSERT INTO `fa_auth_rule` (`id` , `pid` , `name` , `icon` , `title` , `ismenu` , `status` , `createtime` , `updatetime`) VALUES (NULL , 101 , 'machine/multi' , 'fa fa-circle-o' , '批量更新' , 0 , 'normal' , 1557901594 , 1557901594) [ RunTime:0.020003s ]
[ 2019-05-15T15:34:32+08:00 ][ info ] [ BEHAVIOR ] Run Closure @app_init [ RunTime:0.000000s ]
[ info ] [ LOG ] INIT File
[ 2019-05-15T15:34:32+08:00 ][ info ] [ CACHE ] INIT File
[ 2019-05-15T15:34:32+08:00 ][ info ] [ BEHAVIOR ] Run Closure @app_init [ RunTime:0.004501s ]
[ 2019-05-15T15:34:32+08:00 ][ info ] [ DB ] INIT mysql
[ 2019-05-15T15:34:32+08:00 ][ sql ] [ DB ] CONNECT:[ UseTime:0.090011s ] mysql:host=pipiyaode.mysql.rds.aliyuncs.com;dbname=fastadmin;charset=utf8
[ 2019-05-15T15:34:32+08:00 ][ sql ] [ SQL ] SHOW TABLE STATUS LIKE 'test_user' [ RunTime:0.100513s ]
[ 2019-05-15T15:34:33+08:00 ][ sql ] [ SQL ] SHOW TABLE STATUS LIKE 'fa_test_user' [ RunTime:0.081010s ]
[ 2019-05-15T15:34:33+08:00 ][ sql ] [ SQL ] SELECT * FROM `information_schema`.`columns` WHERE TABLE_SCHEMA = 'fastadmin' AND table_name = 'fa_test_user' ORDER BY ORDINAL_POSITION [ RunTime:0.120515s ]
[ 2019-05-15T15:34:48+08:00 ][ info ] [ BEHAVIOR ] Run Closure @app_init [ RunTime:0.000500s ]
[ info ] [ LOG ] INIT File
[ 2019-05-15T15:34:48+08:00 ][ info ] [ CACHE ] INIT File
[ 2019-05-15T15:34:48+08:00 ][ info ] [ BEHAVIOR ] Run Closure @app_init [ RunTime:0.004501s ]
[ 2019-05-15T15:34:49+08:00 ][ info ] [ DB ] INIT mysql
[ 2019-05-15T15:35:52+08:00 ][ info ] [ BEHAVIOR ] Run Closure @app_init [ RunTime:0.000000s ]
[ info ] [ LOG ] INIT File
[ 2019-05-15T15:35:52+08:00 ][ info ] [ CACHE ] INIT File
[ 2019-05-15T15:35:52+08:00 ][ info ] [ BEHAVIOR ] Run Closure @app_init [ RunTime:0.005001s ]
[ 2019-05-15T15:35:52+08:00 ][ info ] [ DB ] INIT mysql
[ 2019-05-15T15:36:31+08:00 ][ info ] [ BEHAVIOR ] Run Closure @app_init [ RunTime:0.000000s ]
[ info ] [ LOG ] INIT File
[ 2019-05-15T15:36:31+08:00 ][ info ] [ CACHE ] INIT File
[ 2019-05-15T15:36:31+08:00 ][ info ] [ BEHAVIOR ] Run Closure @app_init [ RunTime:0.004501s ]
[ 2019-05-15T15:36:41+08:00 ][ info ] [ BEHAVIOR ] Run Closure @app_init [ RunTime:0.002500s ]
[ info ] [ LOG ] INIT File
[ 2019-05-15T15:36:41+08:00 ][ info ] [ CACHE ] INIT File
[ 2019-05-15T15:36:41+08:00 ][ info ] [ BEHAVIOR ] Run Closure @app_init [ RunTime:0.006000s ]
[ 2019-05-15T15:36:41+08:00 ][ info ] [ DB ] INIT mysql
[ 2019-05-15T15:37:00+08:00 ][ info ] [ BEHAVIOR ] Run Closure @app_init [ RunTime:0.000500s ]
[ info ] [ LOG ] INIT File
[ 2019-05-15T15:37:00+08:00 ][ info ] [ CACHE ] INIT File
[ 2019-05-15T15:37:00+08:00 ][ info ] [ BEHAVIOR ] Run Closure @app_init [ RunTime:0.007001s ]
[ 2019-05-15T15:37:00+08:00 ][ info ] [ DB ] INIT mysql
[ 2019-05-15T15:37:00+08:00 ][ sql ] [ DB ] CONNECT:[ UseTime:0.214527s ] mysql:host=pipiyaode.mysql.rds.aliyuncs.com;dbname=fastadmin;charset=utf8
[ 2019-05-15T15:37:00+08:00 ][ sql ] [ SQL ] SHOW TABLE STATUS LIKE 'test_user' [ RunTime:0.136018s ]
[ 2019-05-15T15:37:00+08:00 ][ sql ] [ SQL ] SHOW TABLE STATUS LIKE 'fa_test_user' [ RunTime:0.244031s ]
[ 2019-05-15T15:37:18+08:00 ][ info ] [ BEHAVIOR ] Run Closure @app_init [ RunTime:0.000000s ]
[ info ] [ LOG ] INIT File
[ 2019-05-15T15:37:18+08:00 ][ info ] [ CACHE ] INIT File
[ 2019-05-15T15:37:18+08:00 ][ info ] [ BEHAVIOR ] Run Closure @app_init [ RunTime:0.006001s ]
[ 2019-05-15T15:37:18+08:00 ][ info ] [ DB ] INIT mysql
[ 2019-05-15T15:38:23+08:00 ][ info ] [ BEHAVIOR ] Run Closure @app_init [ RunTime:0.000000s ]
[ info ] [ LOG ] INIT File
[ 2019-05-15T15:38:23+08:00 ][ info ] [ CACHE ] INIT File
[ 2019-05-15T15:38:23+08:00 ][ info ] [ BEHAVIOR ] Run Closure @app_init [ RunTime:0.005500s ]
[ 2019-05-15T15:38:23+08:00 ][ info ] [ DB ] INIT mysql
[ 2019-05-15T15:39:32+08:00 ][ info ] [ BEHAVIOR ] Run Closure @app_init [ RunTime:0.000000s ]
[ info ] [ LOG ] INIT File
[ 2019-05-15T15:39:32+08:00 ][ info ] [ CACHE ] INIT File
[ 2019-05-15T15:39:32+08:00 ][ info ] [ BEHAVIOR ] Run Closure @app_init [ RunTime:0.008001s ]
[ 2019-05-15T15:39:40+08:00 ][ info ] [ BEHAVIOR ] Run Closure @app_init [ RunTime:0.000000s ]
[ info ] [ LOG ] INIT File
[ 2019-05-15T15:39:40+08:00 ][ info ] [ CACHE ] INIT File
[ 2019-05-15T15:39:40+08:00 ][ info ] [ BEHAVIOR ] Run Closure @app_init [ RunTime:0.004001s ]
[ 2019-05-15T15:39:40+08:00 ][ info ] [ DB ] INIT mysql
[ 2019-05-15T15:39:40+08:00 ][ sql ] [ DB ] CONNECT:[ UseTime:0.062508s ] mysql:host=pipiyaode.mysql.rds.aliyuncs.com;dbname=fastadmin;charset=utf8
[ 2019-05-15T15:39:40+08:00 ][ sql ] [ SQL ] SHOW TABLE STATUS LIKE 'test_user' [ RunTime:0.016503s ]
[ 2019-05-15T15:39:40+08:00 ][ sql ] [ SQL ] SHOW TABLE STATUS LIKE 'fa_test_user' [ RunTime:0.015502s ]
[ 2019-05-15T15:40:17+08:00 ][ info ] [ BEHAVIOR ] Run Closure @app_init [ RunTime:0.000000s ]
[ info ] [ LOG ] INIT File
[ 2019-05-15T15:40:17+08:00 ][ info ] [ CACHE ] INIT File
[ 2019-05-15T15:40:17+08:00 ][ info ] [ BEHAVIOR ] Run Closure @app_init [ RunTime:0.003501s ]
[ 2019-05-15T15:40:17+08:00 ][ info ] [ DB ] INIT mysql
[ 2019-05-15T15:40:17+08:00 ][ sql ] [ DB ] CONNECT:[ UseTime:0.034004s ] mysql:host=pipiyaode.mysql.rds.aliyuncs.com;dbname=fastadmin;charset=utf8
[ 2019-05-15T15:40:17+08:00 ][ sql ] [ SQL ] SHOW TABLE STATUS LIKE 'test_user' [ RunTime:0.014002s ]
[ 2019-05-15T15:40:17+08:00 ][ sql ] [ SQL ] SHOW TABLE STATUS LIKE 'fa_test_user' [ RunTime:0.016502s ]
[ 2019-05-15T15:40:17+08:00 ][ sql ] [ SQL ] SELECT * FROM `information_schema`.`columns` WHERE TABLE_SCHEMA = 'fastadmin' AND table_name = 'fa_test_user' ORDER BY ORDINAL_POSITION [ RunTime:0.015502s ]
[ 2019-05-15T15:40:18+08:00 ][ info ] [ BEHAVIOR ] Run Closure @app_init [ RunTime:0.000500s ]
[ info ] [ LOG ] INIT File
[ 2019-05-15T15:40:18+08:00 ][ info ] [ CACHE ] INIT File
[ 2019-05-15T15:40:18+08:00 ][ info ] [ BEHAVIOR ] Run Closure @app_init [ RunTime:0.003501s ]
[ 2019-05-15T15:40:18+08:00 ][ info ] [ DB ] INIT mysql
[ 2019-05-15T15:40:18+08:00 ][ info ] [ DB ] INIT mysql
[ 2019-05-15T15:40:18+08:00 ][ info ] [ LANG ] D:\WWW\fastadmin\application\admin\lang/zh-cn.php
[ 2019-05-15T15:40:18+08:00 ][ sql ] [ DB ] CONNECT:[ UseTime:0.035505s ] mysql:host=pipiyaode.mysql.rds.aliyuncs.com;dbname=fastadmin;charset=utf8
[ 2019-05-15T15:40:18+08:00 ][ sql ] [ SQL ] SHOW COLUMNS FROM `fa_auth_rule` [ RunTime:0.023503s ]
[ 2019-05-15T15:40:18+08:00 ][ sql ] [ SQL ] SELECT * FROM `fa_auth_rule` WHERE  `name` = 'test_user' LIMIT 1 [ RunTime:0.022003s ]
[ 2019-05-15T15:40:18+08:00 ][ sql ] [ SQL ] INSERT INTO `fa_auth_rule` (`pid` , `name` , `title` , `icon` , `remark` , `ismenu` , `status` , `createtime` , `updatetime`) VALUES (0 , 'test_user' , 'TestUser' , 'fa fa-circle-o' , '' , 1 , 'normal' , 1557906018 , 1557906018) [ RunTime:0.022003s ]
[ 2019-05-15T15:40:18+08:00 ][ sql ] [ SQL ] SELECT `id` FROM `fa_auth_rule` WHERE  `name` = 'test_user/index' LIMIT 1 [ RunTime:0.013001s ]
[ 2019-05-15T15:40:18+08:00 ][ sql ] [ SQL ] SELECT `id` FROM `fa_auth_rule` WHERE  `name` = 'test_user/add' LIMIT 1 [ RunTime:0.013502s ]
[ 2019-05-15T15:40:18+08:00 ][ sql ] [ SQL ] SELECT `id` FROM `fa_auth_rule` WHERE  `name` = 'test_user/edit' LIMIT 1 [ RunTime:0.011502s ]
[ 2019-05-15T15:40:18+08:00 ][ sql ] [ SQL ] SELECT `id` FROM `fa_auth_rule` WHERE  `name` = 'test_user/del' LIMIT 1 [ RunTime:0.021503s ]
[ 2019-05-15T15:40:18+08:00 ][ sql ] [ SQL ] SELECT `id` FROM `fa_auth_rule` WHERE  `name` = 'test_user/multi' LIMIT 1 [ RunTime:0.013002s ]
[ 2019-05-15T15:40:18+08:00 ][ sql ] [ SQL ] INSERT INTO `fa_auth_rule` (`id` , `pid` , `name` , `icon` , `title` , `ismenu` , `status` , `createtime` , `updatetime`) VALUES (NULL , 107 , 'test_user/index' , 'fa fa-circle-o' , '查看' , 0 , 'normal' , 1557906018 , 1557906018) [ RunTime:0.036004s ]
[ 2019-05-15T15:40:18+08:00 ][ sql ] [ SQL ] INSERT INTO `fa_auth_rule` (`id` , `pid` , `name` , `icon` , `title` , `ismenu` , `status` , `createtime` , `updatetime`) VALUES (NULL , 107 , 'test_user/add' , 'fa fa-circle-o' , '添加' , 0 , 'normal' , 1557906018 , 1557906018) [ RunTime:0.023503s ]
[ 2019-05-15T15:40:18+08:00 ][ sql ] [ SQL ] INSERT INTO `fa_auth_rule` (`id` , `pid` , `name` , `icon` , `title` , `ismenu` , `status` , `createtime` , `updatetime`) VALUES (NULL , 107 , 'test_user/edit' , 'fa fa-circle-o' , '编辑' , 0 , 'normal' , 1557906018 , 1557906018) [ RunTime:0.035004s ]
[ 2019-05-15T15:40:18+08:00 ][ sql ] [ SQL ] INSERT INTO `fa_auth_rule` (`id` , `pid` , `name` , `icon` , `title` , `ismenu` , `status` , `createtime` , `updatetime`) VALUES (NULL , 107 , 'test_user/del' , 'fa fa-circle-o' , '删除' , 0 , 'normal' , 1557906018 , 1557906018) [ RunTime:0.012002s ]
[ 2019-05-15T15:40:18+08:00 ][ sql ] [ SQL ] INSERT INTO `fa_auth_rule` (`id` , `pid` , `name` , `icon` , `title` , `ismenu` , `status` , `createtime` , `updatetime`) VALUES (NULL , 107 , 'test_user/multi' , 'fa fa-circle-o' , '批量更新' , 0 , 'normal' , 1557906018 , 1557906018) [ RunTime:0.012501s ]
[ 2019-05-15T15:42:18+08:00 ][ info ] [ BEHAVIOR ] Run Closure @app_init [ RunTime:0.000000s ]
[ info ] [ LOG ] INIT File
[ 2019-05-15T15:42:18+08:00 ][ info ] [ CACHE ] INIT File
[ 2019-05-15T15:42:18+08:00 ][ info ] [ BEHAVIOR ] Run Closure @app_init [ RunTime:0.003000s ]
[ 2019-05-15T15:42:18+08:00 ][ info ] [ DB ] INIT mysql
[ 2019-05-15T15:42:18+08:00 ][ sql ] [ DB ] CONNECT:[ UseTime:0.089011s ] mysql:host=pipiyaode.mysql.rds.aliyuncs.com;dbname=fastadmin;charset=utf8
[ 2019-05-15T15:42:18+08:00 ][ sql ] [ SQL ] SHOW TABLE STATUS LIKE 'test' [ RunTime:0.057508s ]
[ 2019-05-15T15:42:18+08:00 ][ sql ] [ SQL ] SHOW TABLE STATUS LIKE 'fa_test' [ RunTime:0.076009s ]
[ 2019-05-15T15:42:42+08:00 ][ info ] [ BEHAVIOR ] Run Closure @app_init [ RunTime:0.000500s ]
[ info ] [ LOG ] INIT File
[ 2019-05-15T15:42:42+08:00 ][ info ] [ CACHE ] INIT File
[ 2019-05-15T15:42:42+08:00 ][ info ] [ BEHAVIOR ] Run Closure @app_init [ RunTime:0.012002s ]
[ 2019-05-15T15:42:42+08:00 ][ info ] [ DB ] INIT mysql
[ 2019-05-15T15:42:42+08:00 ][ sql ] [ DB ] CONNECT:[ UseTime:0.056007s ] mysql:host=pipiyaode.mysql.rds.aliyuncs.com;dbname=fastadmin;charset=utf8
[ 2019-05-15T15:42:42+08:00 ][ sql ] [ SQL ] SHOW TABLE STATUS LIKE 'test_user' [ RunTime:0.032504s ]
[ 2019-05-15T15:42:42+08:00 ][ sql ] [ SQL ] SHOW TABLE STATUS LIKE 'fa_test_user' [ RunTime:0.024003s ]
[ 2019-05-15T15:42:48+08:00 ][ info ] [ BEHAVIOR ] Run Closure @app_init [ RunTime:0.000000s ]
[ info ] [ LOG ] INIT File
[ 2019-05-15T15:42:48+08:00 ][ info ] [ CACHE ] INIT File
[ 2019-05-15T15:42:48+08:00 ][ info ] [ BEHAVIOR ] Run Closure @app_init [ RunTime:0.005501s ]
[ 2019-05-15T15:42:48+08:00 ][ info ] [ DB ] INIT mysql
[ 2019-05-15T15:42:48+08:00 ][ sql ] [ DB ] CONNECT:[ UseTime:0.024503s ] mysql:host=pipiyaode.mysql.rds.aliyuncs.com;dbname=fastadmin;charset=utf8
[ 2019-05-15T15:42:48+08:00 ][ sql ] [ SQL ] SHOW TABLE STATUS LIKE 'test_user' [ RunTime:0.016002s ]
[ 2019-05-15T15:42:48+08:00 ][ sql ] [ SQL ] SHOW TABLE STATUS LIKE 'fa_test_user' [ RunTime:0.022003s ]
[ 2019-05-15T15:57:35+08:00 ][ info ] [ BEHAVIOR ] Run Closure @app_init [ RunTime:0.000500s ]
[ info ] [ LOG ] INIT File
[ 2019-05-15T15:57:35+08:00 ][ info ] [ CACHE ] INIT File
[ 2019-05-15T15:57:35+08:00 ][ info ] [ BEHAVIOR ] Run Closure @app_init [ RunTime:0.006001s ]
[ 2019-05-15T15:57:35+08:00 ][ info ] [ DB ] INIT mysql
[ 2019-05-15T15:57:35+08:00 ][ sql ] [ DB ] CONNECT:[ UseTime:0.044505s ] mysql:host=pipiyaode.mysql.rds.aliyuncs.com;dbname=fastadmin;charset=utf8
[ 2019-05-15T15:57:35+08:00 ][ sql ] [ SQL ] SHOW TABLE STATUS LIKE 'test_user' [ RunTime:0.015002s ]
[ 2019-05-15T15:57:35+08:00 ][ sql ] [ SQL ] SHOW TABLE STATUS LIKE 'fa_test_user' [ RunTime:0.040505s ]
[ 2019-05-15T16:00:40+08:00 ][ info ] [ BEHAVIOR ] Run Closure @app_init [ RunTime:0.000500s ]
[ info ] [ LOG ] INIT File
[ 2019-05-15T16:00:40+08:00 ][ info ] [ CACHE ] INIT File
[ 2019-05-15T16:00:40+08:00 ][ info ] [ BEHAVIOR ] Run Closure @app_init [ RunTime:0.010002s ]
[ 2019-05-15T16:00:50+08:00 ][ info ] [ BEHAVIOR ] Run Closure @app_init [ RunTime:0.000000s ]
[ info ] [ LOG ] INIT File
[ 2019-05-15T16:00:50+08:00 ][ info ] [ CACHE ] INIT File
[ 2019-05-15T16:00:50+08:00 ][ info ] [ BEHAVIOR ] Run Closure @app_init [ RunTime:0.004000s ]
[ 2019-05-15T16:01:12+08:00 ][ info ] [ BEHAVIOR ] Run Closure @app_init [ RunTime:0.000000s ]
[ info ] [ LOG ] INIT File
[ 2019-05-15T16:01:12+08:00 ][ info ] [ CACHE ] INIT File
[ 2019-05-15T16:01:12+08:00 ][ info ] [ BEHAVIOR ] Run Closure @app_init [ RunTime:0.006001s ]
[ 2019-05-15T16:01:12+08:00 ][ info ] [ DB ] INIT mysql
[ 2019-05-15T16:01:12+08:00 ][ sql ] [ DB ] CONNECT:[ UseTime:0.049007s ] mysql:host=pipiyaode.mysql.rds.aliyuncs.com;dbname=fastadmin;charset=utf8
[ 2019-05-15T16:01:12+08:00 ][ sql ] [ SQL ] SHOW COLUMNS FROM `fa_auth_rule` [ RunTime:0.018002s ]
[ 2019-05-15T16:01:12+08:00 ][ sql ] [ SQL ] SELECT * FROM `fa_auth_rule` WHERE  (  `name` LIKE 'test\\_user%' ) [ RunTime:0.017503s ]
[ 2019-05-15T17:53:48+08:00 ][ info ] [ BEHAVIOR ] Run Closure @app_init [ RunTime:0.000000s ]
[ info ] [ LOG ] INIT File
[ 2019-05-15T17:53:48+08:00 ][ info ] [ CACHE ] INIT File
[ 2019-05-15T17:53:48+08:00 ][ info ] [ BEHAVIOR ] Run Closure @app_init [ RunTime:0.004500s ]
[ 2019-05-15T17:54:03+08:00 ][ info ] [ BEHAVIOR ] Run Closure @app_init [ RunTime:0.000000s ]
[ info ] [ LOG ] INIT File
[ 2019-05-15T17:54:03+08:00 ][ info ] [ CACHE ] INIT File
[ 2019-05-15T17:54:03+08:00 ][ info ] [ BEHAVIOR ] Run Closure @app_init [ RunTime:0.006501s ]
[ 2019-05-15T17:54:03+08:00 ][ info ] [ DB ] INIT mysql
[ 2019-05-15T17:54:03+08:00 ][ sql ] [ DB ] CONNECT:[ UseTime:0.043505s ] mysql:host=pipiyaode.mysql.rds.aliyuncs.com;dbname=fastadmin;charset=utf8
[ 2019-05-15T17:54:03+08:00 ][ sql ] [ SQL ] SHOW TABLE STATUS LIKE 'test_user' [ RunTime:0.024503s ]
[ 2019-05-15T17:54:03+08:00 ][ sql ] [ SQL ] SHOW TABLE STATUS LIKE 'fa_test_user' [ RunTime:0.017002s ]
[ 2019-05-15T17:54:23+08:00 ][ info ] [ BEHAVIOR ] Run Closure @app_init [ RunTime:0.000500s ]
[ info ] [ LOG ] INIT File
[ 2019-05-15T17:54:23+08:00 ][ info ] [ CACHE ] INIT File
[ 2019-05-15T17:54:23+08:00 ][ info ] [ BEHAVIOR ] Run Closure @app_init [ RunTime:0.005000s ]
[ 2019-05-15T17:54:23+08:00 ][ info ] [ DB ] INIT mysql
[ 2019-05-15T17:54:23+08:00 ][ sql ] [ DB ] CONNECT:[ UseTime:0.037505s ] mysql:host=pipiyaode.mysql.rds.aliyuncs.com;dbname=fastadmin;charset=utf8
[ 2019-05-15T17:54:23+08:00 ][ sql ] [ SQL ] SHOW TABLE STATUS LIKE 'test_user' [ RunTime:0.017002s ]
[ 2019-05-15T17:54:23+08:00 ][ sql ] [ SQL ] SHOW TABLE STATUS LIKE 'fa_test_user' [ RunTime:0.018503s ]
