---------------------------------------------------------------
[ 2019-05-20T14:12:31+08:00 ] 192.168.1.144 GET 192.168.1.144:8088/admin/pay/order?ref=addtabs
[运行时间：2.078764s] [吞吐率：0.48req/s] [内存消耗：2,364.76kb] [文件加载：127]
[ info ] [ BEHAVIOR ] Run Closure @app_init [ RunTime:0.000000s ]
[ info ] [ CACHE ] INIT File
[ info ] [ BEHAVIOR ] Run \addons\cms\Cms @app_init [ RunTime:0.128516s ]
[ info ] [ BEHAVIOR ] Run Closure @app_init [ RunTime:0.128516s ]
[ info ] [ LANG ] D:\WWW\fastadmin\thinkphp\lang\zh-cn.php
[ info ] [ ROUTE ] array (
  'type' => 'module',
  'module' => 
  array (
    0 => 'admin',
    1 => 'pay.order',
    2 => NULL,
  ),
)
[ info ] [ HEADER ] array (
  'cookie' => 'Hm_lvt_06e9734f33e7ff39eccc218a7043f30f=1557306234; keeplogin=1%7C86400%7C1558149894%7Cedcac8fa1053dbac6b8397249ec1844f; uid=1; token=4be6253f-bdcc-450c-ab55-6936db486c16; Hm_lvt_f8d0a8c400404989e195270b0bbf060a=1557803993,1557901408,1558063476,1558143711; PHPSESSID=ltrkfklqo5rjud5i62tnq3pop0; Hm_lpvt_f8d0a8c400404989e195270b0bbf060a=1558159002; thinkphp_show_page_trace=0|0; Hm_lvt_080836300300be57b7f34f4b3e97d911=1558329620; Hm_lpvt_080836300300be57b7f34f4b3e97d911=1558329735',
  'accept-language' => 'zh-CN,zh;q=0.9',
  'accept-encoding' => 'gzip, deflate',
  'accept' => 'text/html,application/xhtml+xml,application/xml;q=0.9,image/webp,image/apng,*/*;q=0.8,application/signed-exchange;v=b3',
  'user-agent' => 'Mozilla/5.0 (Windows NT 6.1; Win64; x64) AppleWebKit/537.36 (KHTML, like Gecko) Chrome/74.0.3729.157 Safari/537.36',
  'upgrade-insecure-requests' => '1',
  'connection' => 'close',
  'host' => '192.168.1.144:8088',
)
[ info ] [ PARAM ] array (
  'ref' => 'addtabs',
)
[ info ] [ LANG ] D:\WWW\fastadmin\public/../application/admin\lang\zh-cn.php
[ info ] [ BEHAVIOR ] Run app\common\behavior\Common @module_init [ RunTime:0.032004s ]
[ info ] [ SESSION ] INIT array (
  'id' => '',
  'var_session_id' => '',
  'prefix' => 'think',
  'type' => '',
  'auto_start' => true,
)
[ info ] [ VIEW ] D:\WWW\fastadmin\public/../application/common\view\tpl\dispatch_jump.tpl [ array (
  0 => 'code',
  1 => 'msg',
  2 => 'data',
  3 => 'url',
  4 => 'wait',
) ]
[ info ] [ BEHAVIOR ] Run app\admin\behavior\AdminLog @app_end [ RunTime:0.010002s ]
[ info ] [ BEHAVIOR ] Run \addons\cms\Cms @response_send [ RunTime:0.000500s ]
[ info ] [ LOG ] INIT File
---------------------------------------------------------------
[ 2019-05-20T14:12:35+08:00 ] 192.168.1.144 GET 192.168.1.144:8088/admin/index/login?url=%2Fadmin%2Fpay%2Forder%3Fref%3Daddtabs
[运行时间：0.185524s] [吞吐率：5.39req/s] [内存消耗：2,636.09kb] [文件加载：130]
[ info ] [ BEHAVIOR ] Run Closure @app_init [ RunTime:0.000000s ]
[ info ] [ CACHE ] INIT File
[ info ] [ BEHAVIOR ] Run \addons\cms\Cms @app_init [ RunTime:0.002500s ]
[ info ] [ BEHAVIOR ] Run Closure @app_init [ RunTime:0.002500s ]
[ info ] [ LANG ] D:\WWW\fastadmin\thinkphp\lang\zh-cn.php
[ info ] [ ROUTE ] array (
  'type' => 'module',
  'module' => 
  array (
    0 => 'admin',
    1 => 'index',
    2 => 'login',
  ),
)
[ info ] [ HEADER ] array (
  'cookie' => 'Hm_lvt_06e9734f33e7ff39eccc218a7043f30f=1557306234; keeplogin=1%7C86400%7C1558149894%7Cedcac8fa1053dbac6b8397249ec1844f; uid=1; token=4be6253f-bdcc-450c-ab55-6936db486c16; Hm_lvt_f8d0a8c400404989e195270b0bbf060a=1557803993,1557901408,1558063476,1558143711; PHPSESSID=ltrkfklqo5rjud5i62tnq3pop0; Hm_lpvt_f8d0a8c400404989e195270b0bbf060a=1558159002; thinkphp_show_page_trace=0|0; Hm_lvt_080836300300be57b7f34f4b3e97d911=1558329620; Hm_lpvt_080836300300be57b7f34f4b3e97d911=1558329735',
  'accept-language' => 'zh-CN,zh;q=0.9',
  'accept-encoding' => 'gzip, deflate',
  'referer' => 'http://192.168.1.144:8088/admin/pay/order?ref=addtabs',
  'accept' => 'text/html,application/xhtml+xml,application/xml;q=0.9,image/webp,image/apng,*/*;q=0.8,application/signed-exchange;v=b3',
  'user-agent' => 'Mozilla/5.0 (Windows NT 6.1; Win64; x64) AppleWebKit/537.36 (KHTML, like Gecko) Chrome/74.0.3729.157 Safari/537.36',
  'upgrade-insecure-requests' => '1',
  'connection' => 'close',
  'host' => '192.168.1.144:8088',
)
[ info ] [ PARAM ] array (
  'url' => '/admin/pay/order?ref=addtabs',
)
[ info ] [ LANG ] D:\WWW\fastadmin\public/../application/admin\lang\zh-cn.php
[ info ] [ BEHAVIOR ] Run app\common\behavior\Common @module_init [ RunTime:0.001500s ]
[ info ] [ SESSION ] INIT array (
  'id' => '',
  'var_session_id' => '',
  'prefix' => 'think',
  'type' => '',
  'auto_start' => true,
)
[ info ] [ LANG ] D:\WWW\fastadmin\public/../application/admin/lang/zh-cn/index.php
[ info ] [ RUN ] app\admin\controller\Index->login[ D:\WWW\fastadmin\application\admin\controller\Index.php ]
[ info ] [ VIEW ] D:\WWW\fastadmin\public/../application/admin\view\index\login.html [ array (
  0 => 'breadcrumb',
  1 => 'site',
  2 => 'config',
  3 => 'auth',
  4 => 'admin',
  5 => 'background',
  6 => 'title',
) ]
[ info ] [ BEHAVIOR ] Run app\admin\behavior\AdminLog @app_end [ RunTime:0.000000s ]
[ info ] [ BEHAVIOR ] Run \addons\cms\Cms @response_send [ RunTime:0.000000s ]
[ info ] [ LOG ] INIT File
---------------------------------------------------------------
[ 2019-05-20T14:12:35+08:00 ] 192.168.1.144 GET 192.168.1.144:8088/index.php?s=/captcha
[运行时间：0.092012s] [吞吐率：10.87req/s] [内存消耗：1,913.98kb] [文件加载：112]
[ info ] [ BEHAVIOR ] Run Closure @app_init [ RunTime:0.000000s ]
[ info ] [ CACHE ] INIT File
[ info ] [ BEHAVIOR ] Run \addons\cms\Cms @app_init [ RunTime:0.003501s ]
[ info ] [ BEHAVIOR ] Run Closure @app_init [ RunTime:0.003501s ]
[ info ] [ LANG ] D:\WWW\fastadmin\thinkphp\lang\zh-cn.php
[ info ] [ ROUTE ] array (
  'type' => 'method',
  'method' => 
  array (
    0 => '\\think\\captcha\\CaptchaController',
    1 => 'index',
  ),
  'var' => 
  array (
  ),
)
[ info ] [ HEADER ] array (
  'cookie' => 'thinkphp_show_page_trace=0|0; Hm_lvt_06e9734f33e7ff39eccc218a7043f30f=1557306234; keeplogin=1%7C86400%7C1558149894%7Cedcac8fa1053dbac6b8397249ec1844f; uid=1; token=4be6253f-bdcc-450c-ab55-6936db486c16; Hm_lvt_f8d0a8c400404989e195270b0bbf060a=1557803993,1557901408,1558063476,1558143711; PHPSESSID=ltrkfklqo5rjud5i62tnq3pop0; Hm_lpvt_f8d0a8c400404989e195270b0bbf060a=1558159002; thinkphp_show_page_trace=0|0; Hm_lvt_080836300300be57b7f34f4b3e97d911=1558329620; Hm_lpvt_080836300300be57b7f34f4b3e97d911=1558329735',
  'accept-language' => 'zh-CN,zh;q=0.9',
  'accept-encoding' => 'gzip, deflate',
  'referer' => 'http://192.168.1.144:8088/admin/index/login?url=%2Fadmin%2Fpay%2Forder%3Fref%3Daddtabs',
  'accept' => 'image/webp,image/apng,image/*,*/*;q=0.8',
  'user-agent' => 'Mozilla/5.0 (Windows NT 6.1; Win64; x64) AppleWebKit/537.36 (KHTML, like Gecko) Chrome/74.0.3729.157 Safari/537.36',
  'connection' => 'close',
  'host' => '192.168.1.144:8088',
)
[ info ] [ PARAM ] array (
  'id' => NULL,
)
[ info ] [ RUN ] think\captcha\CaptchaController->index[ D:\WWW\fastadmin\vendor\topthink\think-captcha\src\CaptchaController.php ]
[ info ] [ SESSION ] INIT array (
  'id' => '',
  'var_session_id' => '',
  'prefix' => 'think',
  'type' => '',
  'auto_start' => true,
)
[ info ] [ BEHAVIOR ] Run \addons\cms\Cms @response_send [ RunTime:0.000000s ]
[ info ] [ LOG ] INIT File
---------------------------------------------------------------
[ 2019-05-20T14:12:39+08:00 ] 192.168.1.144 GET 192.168.1.144:8088/admin/ajax/lang?callback=define&controllername=index&v=1558332755
[运行时间：0.147519s] [吞吐率：6.78req/s] [内存消耗：2,638.86kb] [文件加载：130]
[ info ] [ BEHAVIOR ] Run Closure @app_init [ RunTime:0.000000s ]
[ info ] [ CACHE ] INIT File
[ info ] [ BEHAVIOR ] Run \addons\cms\Cms @app_init [ RunTime:0.005500s ]
[ info ] [ BEHAVIOR ] Run Closure @app_init [ RunTime:0.005500s ]
[ info ] [ LANG ] D:\WWW\fastadmin\thinkphp\lang\zh-cn.php
[ info ] [ ROUTE ] array (
  'type' => 'module',
  'module' => 
  array (
    0 => 'admin',
    1 => 'ajax',
    2 => 'lang',
  ),
)
[ info ] [ HEADER ] array (
  'cookie' => 'Hm_lvt_06e9734f33e7ff39eccc218a7043f30f=1557306234; keeplogin=1%7C86400%7C1558149894%7Cedcac8fa1053dbac6b8397249ec1844f; uid=1; token=4be6253f-bdcc-450c-ab55-6936db486c16; Hm_lvt_f8d0a8c400404989e195270b0bbf060a=1557803993,1557901408,1558063476,1558143711; PHPSESSID=ltrkfklqo5rjud5i62tnq3pop0; Hm_lpvt_f8d0a8c400404989e195270b0bbf060a=1558159002; thinkphp_show_page_trace=0|0; Hm_lvt_080836300300be57b7f34f4b3e97d911=1558329620; Hm_lpvt_080836300300be57b7f34f4b3e97d911=1558329735',
  'accept-language' => 'zh-CN,zh;q=0.9',
  'accept-encoding' => 'gzip, deflate',
  'referer' => 'http://192.168.1.144:8088/admin/index/login?url=%2Fadmin%2Fpay%2Forder%3Fref%3Daddtabs',
  'accept' => '*/*',
  'user-agent' => 'Mozilla/5.0 (Windows NT 6.1; Win64; x64) AppleWebKit/537.36 (KHTML, like Gecko) Chrome/74.0.3729.157 Safari/537.36',
  'connection' => 'close',
  'host' => '192.168.1.144:8088',
)
[ info ] [ PARAM ] array (
  'callback' => 'define',
  'controllername' => 'index',
  'v' => '1558332755',
)
[ info ] [ LANG ] D:\WWW\fastadmin\public/../application/admin\lang\zh-cn.php
[ info ] [ BEHAVIOR ] Run app\common\behavior\Common @module_init [ RunTime:0.003001s ]
[ info ] [ SESSION ] INIT array (
  'id' => '',
  'var_session_id' => '',
  'prefix' => 'think',
  'type' => '',
  'auto_start' => true,
)
[ info ] [ LANG ] D:\WWW\fastadmin\public/../application/admin/lang/zh-cn/ajax.php
[ info ] [ RUN ] app\admin\controller\Ajax->lang[ D:\WWW\fastadmin\application\admin\controller\Ajax.php ]
[ info ] [ LANG ] D:\WWW\fastadmin\public/../application/admin/lang/zh-cn/index.php
[ info ] [ BEHAVIOR ] Run app\admin\behavior\AdminLog @app_end [ RunTime:0.000500s ]
[ info ] [ BEHAVIOR ] Run \addons\cms\Cms @response_send [ RunTime:0.000500s ]
[ info ] [ LOG ] INIT File
