[ 2019-05-27T11:36:36+08:00 ][ info ] [ BEHAVIOR ] Run Closure @app_init [ RunTime:0.000000s ]
[ info ] [ LOG ] INIT File
[ 2019-05-27T11:36:36+08:00 ][ info ] [ CACHE ] INIT File
[ 2019-05-27T11:36:36+08:00 ][ info ] [ BEHAVIOR ] Run \addons\cms\Cms @app_init [ RunTime:0.003500s ]
[ 2019-05-27T11:36:36+08:00 ][ info ] [ BEHAVIOR ] Run Closure @app_init [ RunTime:0.004501s ]
[ 2019-05-27T11:36:37+08:00 ][ info ] [ DB ] INIT mysql
[ 2019-05-27T11:36:37+08:00 ][ sql ] [ DB ] CONNECT:[ UseTime:0.033504s ] mysql:host=pipiyaode.mysql.rds.aliyuncs.com;dbname=fa;charset=utf8
[ 2019-05-27T11:36:37+08:00 ][ sql ] [ SQL ] SHOW TABLE STATUS LIKE 'check_info' [ RunTime:0.018502s ]
[ 2019-05-27T11:36:37+08:00 ][ sql ] [ SQL ] SHOW TABLE STATUS LIKE 'fa_check_info' [ RunTime:0.016502s ]
[ 2019-05-27T11:36:37+08:00 ][ sql ] [ SQL ] SELECT * FROM `information_schema`.`columns` WHERE TABLE_SCHEMA = 'fa' AND table_name = 'fa_check_info' ORDER BY ORDINAL_POSITION [ RunTime:0.017503s ]
[ 2019-05-27T11:37:16+08:00 ][ info ] [ BEHAVIOR ] Run Closure @app_init [ RunTime:0.000500s ]
[ info ] [ LOG ] INIT File
[ 2019-05-27T11:37:16+08:00 ][ info ] [ CACHE ] INIT File
[ 2019-05-27T11:37:16+08:00 ][ info ] [ BEHAVIOR ] Run \addons\cms\Cms @app_init [ RunTime:0.004001s ]
[ 2019-05-27T11:37:16+08:00 ][ info ] [ BEHAVIOR ] Run Closure @app_init [ RunTime:0.005001s ]
[ 2019-05-27T11:37:16+08:00 ][ info ] [ DB ] INIT mysql
[ 2019-05-27T11:37:16+08:00 ][ info ] [ DB ] INIT mysql
[ 2019-05-27T11:37:16+08:00 ][ info ] [ LANG ] D:\WWW\fastadmin\application\admin\lang/zh-cn.php
[ 2019-05-27T11:37:16+08:00 ][ sql ] [ DB ] CONNECT:[ UseTime:0.025003s ] mysql:host=pipiyaode.mysql.rds.aliyuncs.com;dbname=fa;charset=utf8
[ 2019-05-27T11:37:17+08:00 ][ sql ] [ SQL ] SHOW COLUMNS FROM `fa_auth_rule` [ RunTime:0.014002s ]
[ 2019-05-27T11:37:17+08:00 ][ sql ] [ SQL ] SELECT * FROM `fa_auth_rule` WHERE  `name` = 'check' LIMIT 1 [ RunTime:0.028504s ]
[ 2019-05-27T11:37:17+08:00 ][ sql ] [ SQL ] SELECT * FROM `fa_auth_rule` WHERE  `name` = 'check/yee' LIMIT 1 [ RunTime:0.013502s ]
[ 2019-05-27T11:37:17+08:00 ][ sql ] [ SQL ] INSERT INTO `fa_auth_rule` (`pid` , `name` , `title` , `icon` , `remark` , `ismenu` , `status` , `createtime` , `updatetime`) VALUES (454 , 'check/yee' , 'Yee' , 'fa fa-circle-o' , '' , 1 , 'normal' , 1558928237 , 1558928237) [ RunTime:0.016502s ]
[ 2019-05-27T11:37:17+08:00 ][ sql ] [ SQL ] SELECT `id` FROM `fa_auth_rule` WHERE  `name` = 'check/yee/index' LIMIT 1 [ RunTime:0.012001s ]
[ 2019-05-27T11:37:17+08:00 ][ sql ] [ SQL ] SELECT `id` FROM `fa_auth_rule` WHERE  `name` = 'check/yee/add' LIMIT 1 [ RunTime:0.012502s ]
[ 2019-05-27T11:37:17+08:00 ][ sql ] [ SQL ] SELECT `id` FROM `fa_auth_rule` WHERE  `name` = 'check/yee/edit' LIMIT 1 [ RunTime:0.014502s ]
[ 2019-05-27T11:37:17+08:00 ][ sql ] [ SQL ] SELECT `id` FROM `fa_auth_rule` WHERE  `name` = 'check/yee/del' LIMIT 1 [ RunTime:0.014502s ]
[ 2019-05-27T11:37:17+08:00 ][ sql ] [ SQL ] SELECT `id` FROM `fa_auth_rule` WHERE  `name` = 'check/yee/multi' LIMIT 1 [ RunTime:0.014502s ]
[ 2019-05-27T11:37:17+08:00 ][ sql ] [ SQL ] INSERT INTO `fa_auth_rule` (`id` , `pid` , `name` , `icon` , `title` , `ismenu` , `status` , `createtime` , `updatetime`) VALUES (NULL , 466 , 'check/yee/index' , 'fa fa-circle-o' , '查看' , 0 , 'normal' , 1558928237 , 1558928237) [ RunTime:0.015002s ]
[ 2019-05-27T11:37:17+08:00 ][ sql ] [ SQL ] INSERT INTO `fa_auth_rule` (`id` , `pid` , `name` , `icon` , `title` , `ismenu` , `status` , `createtime` , `updatetime`) VALUES (NULL , 466 , 'check/yee/add' , 'fa fa-circle-o' , '添加' , 0 , 'normal' , 1558928237 , 1558928237) [ RunTime:0.022503s ]
[ 2019-05-27T11:37:17+08:00 ][ sql ] [ SQL ] INSERT INTO `fa_auth_rule` (`id` , `pid` , `name` , `icon` , `title` , `ismenu` , `status` , `createtime` , `updatetime`) VALUES (NULL , 466 , 'check/yee/edit' , 'fa fa-circle-o' , '编辑' , 0 , 'normal' , 1558928237 , 1558928237) [ RunTime:0.013501s ]
[ 2019-05-27T11:37:17+08:00 ][ sql ] [ SQL ] INSERT INTO `fa_auth_rule` (`id` , `pid` , `name` , `icon` , `title` , `ismenu` , `status` , `createtime` , `updatetime`) VALUES (NULL , 466 , 'check/yee/del' , 'fa fa-circle-o' , '删除' , 0 , 'normal' , 1558928237 , 1558928237) [ RunTime:0.016502s ]
[ 2019-05-27T11:37:17+08:00 ][ sql ] [ SQL ] INSERT INTO `fa_auth_rule` (`id` , `pid` , `name` , `icon` , `title` , `ismenu` , `status` , `createtime` , `updatetime`) VALUES (NULL , 466 , 'check/yee/multi' , 'fa fa-circle-o' , '批量更新' , 0 , 'normal' , 1558928237 , 1558928237) [ RunTime:0.012501s ]
[ 2019-05-27T14:02:24+08:00 ][ info ] [ BEHAVIOR ] Run Closure @app_init [ RunTime:0.000500s ]
[ info ] [ LOG ] INIT File
[ 2019-05-27T14:02:24+08:00 ][ info ] [ CACHE ] INIT File
[ 2019-05-27T14:02:24+08:00 ][ info ] [ BEHAVIOR ] Run \addons\cms\Cms @app_init [ RunTime:0.003501s ]
[ 2019-05-27T14:02:24+08:00 ][ info ] [ BEHAVIOR ] Run Closure @app_init [ RunTime:0.004001s ]
[ 2019-05-27T14:02:25+08:00 ][ info ] [ DB ] INIT mysql
[ 2019-05-27T14:02:25+08:00 ][ sql ] [ DB ] CONNECT:[ UseTime:0.022503s ] mysql:host=pipiyaode.mysql.rds.aliyuncs.com;dbname=fa;charset=utf8
[ 2019-05-27T14:02:25+08:00 ][ sql ] [ SQL ] SHOW TABLE STATUS LIKE 'check_info' [ RunTime:0.013502s ]
[ 2019-05-27T14:02:25+08:00 ][ sql ] [ SQL ] SHOW TABLE STATUS LIKE 'fa_check_info' [ RunTime:0.017002s ]
[ 2019-05-27T14:02:25+08:00 ][ sql ] [ SQL ] SELECT * FROM `information_schema`.`columns` WHERE TABLE_SCHEMA = 'fa' AND table_name = 'fa_check_info' ORDER BY ORDINAL_POSITION [ RunTime:0.018503s ]
[ 2019-05-27T14:06:18+08:00 ][ info ] [ BEHAVIOR ] Run Closure @app_init [ RunTime:0.000000s ]
[ info ] [ LOG ] INIT File
[ 2019-05-27T14:06:18+08:00 ][ info ] [ CACHE ] INIT File
[ 2019-05-27T14:06:18+08:00 ][ info ] [ BEHAVIOR ] Run \addons\cms\Cms @app_init [ RunTime:0.003500s ]
[ 2019-05-27T14:06:18+08:00 ][ info ] [ BEHAVIOR ] Run Closure @app_init [ RunTime:0.005000s ]
[ 2019-05-27T14:06:18+08:00 ][ info ] [ DB ] INIT mysql
[ 2019-05-27T14:06:18+08:00 ][ info ] [ DB ] INIT mysql
[ 2019-05-27T14:06:18+08:00 ][ info ] [ LANG ] D:\WWW\fastadmin\application\admin\lang/zh-cn.php
[ 2019-05-27T14:06:18+08:00 ][ sql ] [ DB ] CONNECT:[ UseTime:0.026003s ] mysql:host=pipiyaode.mysql.rds.aliyuncs.com;dbname=fa;charset=utf8
[ 2019-05-27T14:06:18+08:00 ][ sql ] [ SQL ] SHOW COLUMNS FROM `fa_auth_rule` [ RunTime:0.016502s ]
[ 2019-05-27T14:06:18+08:00 ][ sql ] [ SQL ] SELECT * FROM `fa_auth_rule` WHERE  `name` = 'check' LIMIT 1 [ RunTime:0.017002s ]
[ 2019-05-27T14:06:18+08:00 ][ sql ] [ SQL ] SELECT * FROM `fa_auth_rule` WHERE  `name` = 'check/cost' LIMIT 1 [ RunTime:0.018002s ]
[ 2019-05-27T14:06:18+08:00 ][ sql ] [ SQL ] INSERT INTO `fa_auth_rule` (`pid` , `name` , `title` , `icon` , `remark` , `ismenu` , `status` , `createtime` , `updatetime`) VALUES (454 , 'check/cost' , 'Cost' , 'fa fa-circle-o' , '' , 1 , 'normal' , 1558937178 , 1558937178) [ RunTime:0.021502s ]
[ 2019-05-27T14:06:18+08:00 ][ sql ] [ SQL ] SELECT `id` FROM `fa_auth_rule` WHERE  `name` = 'check/cost/index' LIMIT 1 [ RunTime:0.019002s ]
[ 2019-05-27T14:06:18+08:00 ][ sql ] [ SQL ] SELECT `id` FROM `fa_auth_rule` WHERE  `name` = 'check/cost/add' LIMIT 1 [ RunTime:0.027004s ]
[ 2019-05-27T14:06:18+08:00 ][ sql ] [ SQL ] SELECT `id` FROM `fa_auth_rule` WHERE  `name` = 'check/cost/edit' LIMIT 1 [ RunTime:0.025503s ]
[ 2019-05-27T14:06:19+08:00 ][ sql ] [ SQL ] SELECT `id` FROM `fa_auth_rule` WHERE  `name` = 'check/cost/del' LIMIT 1 [ RunTime:0.022003s ]
[ 2019-05-27T14:06:19+08:00 ][ sql ] [ SQL ] SELECT `id` FROM `fa_auth_rule` WHERE  `name` = 'check/cost/multi' LIMIT 1 [ RunTime:0.018502s ]
[ 2019-05-27T14:06:19+08:00 ][ sql ] [ SQL ] INSERT INTO `fa_auth_rule` (`id` , `pid` , `name` , `icon` , `title` , `ismenu` , `status` , `createtime` , `updatetime`) VALUES (NULL , 472 , 'check/cost/index' , 'fa fa-circle-o' , '查看' , 0 , 'normal' , 1558937179 , 1558937179) [ RunTime:0.013502s ]
[ 2019-05-27T14:06:19+08:00 ][ sql ] [ SQL ] INSERT INTO `fa_auth_rule` (`id` , `pid` , `name` , `icon` , `title` , `ismenu` , `status` , `createtime` , `updatetime`) VALUES (NULL , 472 , 'check/cost/add' , 'fa fa-circle-o' , '添加' , 0 , 'normal' , 1558937179 , 1558937179) [ RunTime:0.017002s ]
[ 2019-05-27T14:06:19+08:00 ][ sql ] [ SQL ] INSERT INTO `fa_auth_rule` (`id` , `pid` , `name` , `icon` , `title` , `ismenu` , `status` , `createtime` , `updatetime`) VALUES (NULL , 472 , 'check/cost/edit' , 'fa fa-circle-o' , '编辑' , 0 , 'normal' , 1558937179 , 1558937179) [ RunTime:0.022002s ]
[ 2019-05-27T14:06:19+08:00 ][ sql ] [ SQL ] INSERT INTO `fa_auth_rule` (`id` , `pid` , `name` , `icon` , `title` , `ismenu` , `status` , `createtime` , `updatetime`) VALUES (NULL , 472 , 'check/cost/del' , 'fa fa-circle-o' , '删除' , 0 , 'normal' , 1558937179 , 1558937179) [ RunTime:0.021503s ]
[ 2019-05-27T14:06:19+08:00 ][ sql ] [ SQL ] INSERT INTO `fa_auth_rule` (`id` , `pid` , `name` , `icon` , `title` , `ismenu` , `status` , `createtime` , `updatetime`) VALUES (NULL , 472 , 'check/cost/multi' , 'fa fa-circle-o' , '批量更新' , 0 , 'normal' , 1558937179 , 1558937179) [ RunTime:0.019003s ]
